[debug] [2021-06-18T14:53:49.482Z] ----------------------------------------------------------------------
[debug] [2021-06-18T14:53:49.484Z] Command:       C:\Program Files\nodejs\node.exe C:\Users\Dell\AppData\Roaming\npm\node_modules\firebase-tools\lib\bin\firebase.js init
[debug] [2021-06-18T14:53:49.484Z] CLI Version:   9.5.0
[debug] [2021-06-18T14:53:49.484Z] Platform:      win32
[debug] [2021-06-18T14:53:49.484Z] Node Version:  v12.14.1
[debug] [2021-06-18T14:53:49.486Z] Time:          Fri Jun 18 2021 19:53:49 GMT+0500 (Pakistan Standard Time)
[debug] [2021-06-18T14:53:49.486Z] ----------------------------------------------------------------------
[debug] [2021-06-18T14:53:49.486Z] 
[debug] [2021-06-18T14:53:49.493Z] > command requires scopes: ["email","openid","https://www.googleapis.com/auth/cloudplatformprojects.readonly","https://www.googleapis.com/auth/firebase","https://www.googleapis.com/auth/cloud-platform"]
[debug] [2021-06-18T14:53:49.494Z] > authorizing via signed-in user
[info] 
     ######## #### ########  ######## ########     ###     ######  ########
     ##        ##  ##     ## ##       ##     ##  ##   ##  ##       ##
     ######    ##  ########  ######   ########  #########  ######  ######
     ##        ##  ##    ##  ##       ##     ## ##     ##       ## ##
     ##       #### ##     ## ######## ########  ##     ##  ######  ########

You're about to initialize a Firebase project in this directory:

  C:\work\heroskid\17-may-2021\heroes_kids\functions

Before we get started, keep in mind:

  * You are currently outside your home directory

