[debug] [2021-06-18T14:54:11.706Z] ----------------------------------------------------------------------
[debug] [2021-06-18T14:54:11.710Z] Command:       C:\Program Files\nodejs\node.exe C:\Users\Dell\AppData\Roaming\npm\node_modules\firebase-tools\lib\bin\firebase.js init
[debug] [2021-06-18T14:54:11.710Z] CLI Version:   9.5.0
[debug] [2021-06-18T14:54:11.711Z] Platform:      win32
[debug] [2021-06-18T14:54:11.711Z] Node Version:  v12.14.1
[debug] [2021-06-18T14:54:11.712Z] Time:          Fri Jun 18 2021 19:54:11 GMT+0500 (Pakistan Standard Time)
[debug] [2021-06-18T14:54:11.712Z] ----------------------------------------------------------------------
[debug] [2021-06-18T14:54:11.712Z] 
[debug] [2021-06-18T14:54:11.721Z] > command requires scopes: ["email","openid","https://www.googleapis.com/auth/cloudplatformprojects.readonly","https://www.googleapis.com/auth/firebase","https://www.googleapis.com/auth/cloud-platform"]
[debug] [2021-06-18T14:54:11.722Z] > authorizing via signed-in user
[info] 
     ######## #### ########  ######## ########     ###     ######  ########
     ##        ##  ##     ## ##       ##     ##  ##   ##  ##       ##
     ######    ##  ########  ######   ########  #########  ######  ######
     ##        ##  ##    ##  ##       ##     ## ##     ##       ## ##
     ##       #### ##     ## ######## ########  ##     ##  ######  ########

You're about to initialize a Firebase project in this directory:

  C:\work\heroskid\17-may-2021\heroes_kids\src

Before we get started, keep in mind:

  * You are currently outside your home directory

